<?xml version="1.0" encoding="UTF-8"?>
<testng-results skipped="0" failed="0" ignored="0" total="1" passed="1">
  <reporter-output>
  </reporter-output>
  <suite name="Default suite" duration-ms="11553" started-at="2017-11-14T20:15:38Z" finished-at="2017-11-14T20:15:49Z">
    <groups>
    </groups>
    <test name="Default test" duration-ms="11553" started-at="2017-11-14T20:15:38Z" finished-at="2017-11-14T20:15:49Z">
      <class name="guru.login">
        <test-method status="PASS" signature="setUp()[pri:0, instance:guru.login@66a3ffec]" name="setUp" is-config="true" duration-ms="8457" started-at="2017-11-14T21:15:38Z" finished-at="2017-11-14T21:15:46Z">
          <reporter-output>
          </reporter-output>
        </test-method> <!-- setUp -->
        <test-method status="PASS" signature="inputLoginData()[pri:0, instance:guru.login@66a3ffec]" name="inputLoginData" duration-ms="3066" started-at="2017-11-14T21:15:46Z" finished-at="2017-11-14T21:15:49Z">
          <reporter-output>
          </reporter-output>
        </test-method> <!-- inputLoginData -->
        <test-method status="PASS" signature="tear()[pri:0, instance:guru.login@66a3ffec]" name="tear" is-config="true" duration-ms="0" started-at="2017-11-14T21:15:49Z" finished-at="2017-11-14T21:15:49Z">
          <reporter-output>
          </reporter-output>
        </test-method> <!-- tear -->
      </class> <!-- guru.login -->
    </test> <!-- Default test -->
  </suite> <!-- Default suite -->
</testng-results>
