<?xml version="1.0" encoding="UTF-8"?>
<!-- Generated by org.testng.reporters.JUnitXMLReporter -->
<testsuite hostname="DESKTOP-GFPQRVN" ignored="3" name="TestGrouping" tests="2" failures="0" timestamp="29 aug 2017 16:28:36 GMT" time="0.061" errors="0">
  <testcase name="a4" time="0.021" classname="testNG.TestGroupingNew"/>
  <testcase name="a5" time="0.002" classname="testNG.TestGroupingNew"/>
  <testcase name="f2" time="0.0" classname="testNG.TestGroupingNew">
    <ignored/>
  </testcase> <!-- f2 -->
  <testcase name="f1" time="0.0" classname="testNG.TestGroupingNew">
    <ignored/>
  </testcase> <!-- f1 -->
  <testcase name="f3" time="0.0" classname="testNG.TestGroupingNew">
    <ignored/>
  </testcase> <!-- f3 -->
</testsuite> <!-- TestGrouping -->
